{\goo
\0??!\0??(\0??(\0??(\0??(\0??(\0??(\0??(\0??(\0??(\0??(\0??(\0??(\0??(\0??(\0??(\0??(\0??(\0??>
\goBsLbl{z}\0??+\0??+\0??+\0??+\0??+\0??+\0??+\0??+\0??+\0??+\0??+\0??+\0??+\0??+\0??+\0??+\0??+\0??]
\0??[\0??+\0??+\0??+\0??+\0??+\0??+\0??+\0??+\0??+\0??+\0??+\0??+\0??+\0??+\0??+\0??+\0??+\0??]
\0??[\0??+\0??+\0??*\0??+\0??+\0??+\0??+\0??+\0??*\0??+\0??+\0??+\0??+\0??+\0??*\0??+\0??+\0??]
\0??[\0??+\0??+\0??+\0??+\0??+\0??+\0??+\0??+\0??+\0??+\0??+\0??+\0??+\0??+\0??+\0??+\0??+\0??]
\0??[\0??+\0??+\0??+\0??+\0??+\0??+\0??+\0??+\0??+\0??+\0??+\0??+\0??+\0??+\0??+\0??+\0??+\0??]
\0??[\0??+\0??+\0??+\0??+\0??+\0??+\0??+\0??+\0??+\0??+\0??+\0??+\0??+\0??+\0??+\0??+\0??+\0??]
\0??[\0??+\0??+\0??+\0??+\0??+\0??+\0??+\0??+\0??+\0??+\0??+\0??+\0??+\0??+\0??+\0??+\0??+\0??]
\0??[\0??+\0??+\0??+\0??+\0??+\0??+\0??+\0??+\0??+\0??+\0??+\0??+\0??+\0??+\0??+\0??+\0??+\0??]
\0??[\0??+\0??+\0??*\0??+\0??+\0??+\0??+\0??+\0??*\0??+\0??+\0??+\0??+\0??+\0??*\0??+\0??+\0??]
\0??[\0??+\0??+\0??+\0??+\0??+\0??+\0??+\0??+\0??+\0??+\0??+\0??+\0??+\0??+\0??+\0??+\0??+\0??]
\0??[\0??+\0??+\0??+\0??+\0??+\0??+\0??+\0??+\0??+\0??+\0??+\0??+\0??+\0??+\0??+\0??+\0??+\0??]
\0??[\0??+\0??+\0??+\0??+\0??+\0??+\0??+\0??+\0??+\0??+\0??+\0??+\0??+\0??+\0??+\0??+\0??+\0??]
\0??[\0??+\0??+\0??+\0??+\0??+\0??+\0??+\0??+\0??+\0??+\0??+\0??+\0??+\0??+\0??+\0??+\0??+\0??]
\0??[\0??+\0??+\0??+\0??+\0??+\0??+\0??+\0??+\0??+\0??+\0??+\0??+\0??+\0??+\0??+\0??+\0??+\0??]
\0??[\0??+\0??+\0??*\0??+\0??+\0??+\0??+\0??+\0??*\0??+\0??+\0??+\0??+\0??+\0??*\0??+\0??+\0??]
\0??[\0??+\0??+\0??+\0??+\0??+\0??+\0??+\0??+\0??+\0??+\0??+\0??+\0??+\0??+\0??+\0??+\0??+\0??]
\0??[\0??+\0??+\0??+\0??+\0??+\0??+\0??+\0??+\0??+\0??+\0??+\0??+\0??+\0??+\0??+\0??+\0??+\0??]
\0??,\0??)\0??)\0??)\0??)\0??)\0??)\0??)\0??)\0??)\0??)\0??)\0??)\0??)\0??)\0??)\0??)\0??)\0??.
}
